Translacja Solid Edge do STEP
Data: czwartek,marzec 21,2024 02:43AM
Plik wynikowy: C:\Users\Micha³\Desktop\Hydros\Hardware 2024\energy-flow-pcb\Lib\E32 trafo.stp
Autor: Unknown
Organizacja: Unknown
System Ÿród³owy: Solid Edge

Sprzêt:
Procesor: Intel(R) Xeon(R) CPU E5-2643 0 @ 3.30GHz
System operacyjny: Windows 10 Professional Version:22H2 Build:19045 System Type:64-bit
Zainstalowana pamiêæ: 63.95 GB

Informacje o oprogramowaniu
Wersja Parasolid: 36.0.142
Wersja PSBodyShop: 36.0.108
Wersja adaptera Step: 13.0.163
Wersja Solid Edge: 224.00.00.101 x64

Opcje eksportu STEP
Format eksportu: AP214
Eksport arkuszy konstrukcyjnych: Wy³¹cz
Eksport bry³ konstrukcyjnych: Wy³¹cz
Eksport przewodów konstrukcyjnych: Wy³¹cz
Eksport tylko wyœwietlanych czêœci: Wy³¹cz
Eksport jednostek: Millimeters
Eksportuj nazwy sk³adników czêœci w formacie Unicode: Wy³¹cz
Eksportuj PMI: Wy³¹cz

Faza 1 z 1 rozpoczynania procesu translacji pliku Parasolid do innych typów danych...
Proces translacji zosta³ zakoñczony
Czas wymagany do translacji:00 : 00 : 03
